Symlinking /home/ubuntu/tankpi/catkin_ws/devel/lib/pkgconfig/motor_ctrl.pc
Symlinking /home/ubuntu/tankpi/catkin_ws/devel/lib/motor_ctrl/motor_ctrl_node.py
Symlinking /home/ubuntu/tankpi/catkin_ws/devel/lib/motor_ctrl/cmake.lock
Symlinking /home/ubuntu/tankpi/catkin_ws/devel/share/motor_ctrl/cmake/motor_ctrlConfig-version.cmake
Symlinking /home/ubuntu/tankpi/catkin_ws/devel/share/motor_ctrl/cmake/motor_ctrlConfig.cmake
Cleaning: (/home/ubuntu/catkin_ws/devel/.private/motor_ctrl/cmake.lock, /home/ubuntu/catkin_ws/devel/./cmake.lock)
Cleaning: (/home/ubuntu/catkin_ws/devel/.private/motor_ctrl/lib/pkgconfig/motor_ctrl.pc, /home/ubuntu/catkin_ws/devel/lib/pkgconfig/motor_ctrl.pc)
Cleaning: (/home/ubuntu/catkin_ws/devel/.private/motor_ctrl/lib/motor_ctrl/motor_ctrl_node.py, /home/ubuntu/catkin_ws/devel/lib/motor_ctrl/motor_ctrl_node.py)
Cleaning: (/home/ubuntu/catkin_ws/devel/.private/motor_ctrl/lib/motor_ctrl/cmake.lock, /home/ubuntu/catkin_ws/devel/lib/motor_ctrl/cmake.lock)
Cleaning: (/home/ubuntu/catkin_ws/devel/.private/motor_ctrl/share/motor_ctrl/cmake/motor_ctrlConfig-version.cmake, /home/ubuntu/catkin_ws/devel/share/motor_ctrl/cmake/motor_ctrlConfig-version.cmake)
Cleaning: (/home/ubuntu/catkin_ws/devel/.private/motor_ctrl/share/motor_ctrl/cmake/motor_ctrlConfig.cmake, /home/ubuntu/catkin_ws/devel/share/motor_ctrl/cmake/motor_ctrlConfig.cmake)
Unlinking: /home/ubuntu/catkin_ws/devel/lib/pkgconfig/motor_ctrl.pc
Already unlinked: {}
Unlinking: /home/ubuntu/catkin_ws/devel/lib/motor_ctrl/motor_ctrl_node.py
Already unlinked: {}
Unlinking: /home/ubuntu/catkin_ws/devel/lib/motor_ctrl/cmake.lock
Already unlinked: {}
Unlinking: /home/ubuntu/catkin_ws/devel/share/motor_ctrl/cmake/motor_ctrlConfig-version.cmake
Already unlinked: {}
Unlinking: /home/ubuntu/catkin_ws/devel/share/motor_ctrl/cmake/motor_ctrlConfig.cmake
Already unlinked: {}
